tracename gap_f2b
---Dinero IV cache simulator, version 7
---Written by Jan Edler and Mark D. Hill
---Copyright (C) 1997 NEC Research Institute, Inc. and Mark D. Hill.
---All rights reserved.
---Copyright (C) 1985, 1989 Mark D. Hill.  All rights reserved.
---See -copyright option for details

---Summary of options (-help option gives usage information).

-l1-isize 32768
-l1-dsize 32768
-l1-ibsize 32
-l1-dbsize 32
-l1-isbsize 32
-l1-dsbsize 32
-l1-iassoc 1
-l1-dassoc 1
-l1-irepl l
-l1-drepl l
-l1-ifetch d
-l1-dfetch d
-l1-dwalloc a
-l1-dwback a
-skipcount 0
-flushcount 0
-maxcount 0
-stat-interval 0
-informat s
-on-trigger 0x0
-off-trigger 0x0

---Simulation begins.
---Simulation complete.
l1-icache
 Metrics		      Total	      Instrn	       Data	       Read	      Write	       Misc
 -----------------	      ------	      ------	      ------	      ------	      ------	      ------
 Demand Fetches		   399999872	   399999872	           0	           0	           0	           0
  Fraction of total	      1.0000	      1.0000	      0.0000	      0.0000	      0.0000	      0.0000

 Demand Misses		     3040013	     3040013	           0	           0	           0	           0
  Demand miss rate	      0.0076	      0.0076	      0.0000	      0.0000	      0.0000	      0.0000

 Multi-block refs                 0
 Bytes From Memory	    97280416
 ( / Demand Fetches)	      0.2432
 Bytes To Memory	           0
 ( / Demand Writes)	      0.0000
 Total Bytes r/w Mem	    97280416
 ( / Demand Fetches)	      0.2432

l1-dcache
 Metrics		      Total	      Instrn	       Data	       Read	      Write	       Misc
 -----------------	      ------	      ------	      ------	      ------	      ------	      ------
 Demand Fetches		   165991536	           0	   165991536	   114024123	    51967413	           0
  Fraction of total	      1.0000	      0.0000	      1.0000	      0.6869	      0.3131	      0.0000

 Demand Misses		     3746416	           0	     3746416	      738938	     3007478	           0
  Demand miss rate	      0.0226	      0.0000	      0.0226	      0.0065	      0.0579	      0.0000

 Multi-block refs           4823255
 Bytes From Memory	   119885312
 ( / Demand Fetches)	      0.7222
 Bytes To Memory	   110173184
 ( / Demand Writes)	      2.1200
 Total Bytes r/w Mem	   230058496
 ( / Demand Fetches)	      1.3860

---Execution complete.
