tracename parser_f2b
---Dinero IV cache simulator, version 7
---Written by Jan Edler and Mark D. Hill
---Copyright (C) 1997 NEC Research Institute, Inc. and Mark D. Hill.
---All rights reserved.
---Copyright (C) 1985, 1989 Mark D. Hill.  All rights reserved.
---See -copyright option for details

---Summary of options (-help option gives usage information).

-l1-isize 16384
-l1-dsize 131072
-l1-ibsize 32
-l1-dbsize 32
-l1-isbsize 32
-l1-dsbsize 32
-l1-iassoc 1
-l1-dassoc 1
-l1-irepl l
-l1-drepl l
-l1-ifetch d
-l1-dfetch d
-l1-dwalloc a
-l1-dwback a
-skipcount 0
-flushcount 0
-maxcount 0
-stat-interval 0
-informat s
-on-trigger 0x0
-off-trigger 0x0

---Simulation begins.
---Simulation complete.
l1-icache
 Metrics		      Total	      Instrn	       Data	       Read	      Write	       Misc
 -----------------	      ------	      ------	      ------	      ------	      ------	      ------
 Demand Fetches		   399999990	   399999990	           0	           0	           0	           0
  Fraction of total	      1.0000	      1.0000	      0.0000	      0.0000	      0.0000	      0.0000

 Demand Misses		      417907	      417907	           0	           0	           0	           0
  Demand miss rate	      0.0010	      0.0010	      0.0000	      0.0000	      0.0000	      0.0000

 Multi-block refs                 0
 Bytes From Memory	    13373024
 ( / Demand Fetches)	      0.0334
 Bytes To Memory	           0
 ( / Demand Writes)	      0.0000
 Total Bytes r/w Mem	    13373024
 ( / Demand Fetches)	      0.0334

l1-dcache
 Metrics		      Total	      Instrn	       Data	       Read	      Write	       Misc
 -----------------	      ------	      ------	      ------	      ------	      ------	      ------
 Demand Fetches		   165517124	           0	   165517124	   132651764	    32865360	           0
  Fraction of total	      1.0000	      0.0000	      1.0000	      0.8014	      0.1986	      0.0000

 Demand Misses		     1813986	           0	     1813986	     1410537	      403449	           0
  Demand miss rate	      0.0110	      0.0000	      0.0110	      0.0106	      0.0123	      0.0000

 Multi-block refs            750429
 Bytes From Memory	    58047552
 ( / Demand Fetches)	      0.3507
 Bytes To Memory	    28990560
 ( / Demand Writes)	      0.8821
 Total Bytes r/w Mem	    87038112
 ( / Demand Fetches)	      0.5259

---Execution complete.
