tracename parser_f2b
---Dinero IV cache simulator, version 7
---Written by Jan Edler and Mark D. Hill
---Copyright (C) 1997 NEC Research Institute, Inc. and Mark D. Hill.
---All rights reserved.
---Copyright (C) 1985, 1989 Mark D. Hill.  All rights reserved.
---See -copyright option for details

---Summary of options (-help option gives usage information).

-l1-isize 65536
-l1-dsize 32768
-l1-ibsize 32
-l1-dbsize 32
-l1-isbsize 32
-l1-dsbsize 32
-l1-iassoc 1
-l1-dassoc 1
-l1-irepl l
-l1-drepl l
-l1-ifetch d
-l1-dfetch d
-l1-dwalloc a
-l1-dwback a
-skipcount 0
-flushcount 0
-maxcount 0
-stat-interval 0
-informat s
-on-trigger 0x0
-off-trigger 0x0

---Simulation begins.
---Simulation complete.
l1-icache
 Metrics		      Total	      Instrn	       Data	       Read	      Write	       Misc
 -----------------	      ------	      ------	      ------	      ------	      ------	      ------
 Demand Fetches		   399999990	   399999990	           0	           0	           0	           0
  Fraction of total	      1.0000	      1.0000	      0.0000	      0.0000	      0.0000	      0.0000

 Demand Misses		       21888	       21888	           0	           0	           0	           0
  Demand miss rate	      0.0001	      0.0001	      0.0000	      0.0000	      0.0000	      0.0000

 Multi-block refs                 0
 Bytes From Memory	      700416
 ( / Demand Fetches)	      0.0018
 Bytes To Memory	           0
 ( / Demand Writes)	      0.0000
 Total Bytes r/w Mem	      700416
 ( / Demand Fetches)	      0.0018

l1-dcache
 Metrics		      Total	      Instrn	       Data	       Read	      Write	       Misc
 -----------------	      ------	      ------	      ------	      ------	      ------	      ------
 Demand Fetches		   165517124	           0	   165517124	   132651764	    32865360	           0
  Fraction of total	      1.0000	      0.0000	      1.0000	      0.8014	      0.1986	      0.0000

 Demand Misses		     3843174	           0	     3843174	     3070751	      772423	           0
  Demand miss rate	      0.0232	      0.0000	      0.0232	      0.0231	      0.0235	      0.0000

 Multi-block refs            750429
 Bytes From Memory	   122981568
 ( / Demand Fetches)	      0.7430
 Bytes To Memory	    50517984
 ( / Demand Writes)	      1.5371
 Total Bytes r/w Mem	   173499552
 ( / Demand Fetches)	      1.0482

---Execution complete.
