tracename parser_f2b
---Dinero IV cache simulator, version 7
---Written by Jan Edler and Mark D. Hill
---Copyright (C) 1997 NEC Research Institute, Inc. and Mark D. Hill.
---All rights reserved.
---Copyright (C) 1985, 1989 Mark D. Hill.  All rights reserved.
---See -copyright option for details

---Summary of options (-help option gives usage information).

-l1-isize 32768
-l1-dsize 16384
-l1-ibsize 32
-l1-dbsize 32
-l1-isbsize 32
-l1-dsbsize 32
-l1-iassoc 1
-l1-dassoc 1
-l1-irepl l
-l1-drepl l
-l1-ifetch d
-l1-dfetch d
-l1-dwalloc a
-l1-dwback a
-skipcount 0
-flushcount 0
-maxcount 0
-stat-interval 0
-informat s
-on-trigger 0x0
-off-trigger 0x0

---Simulation begins.
---Simulation complete.
l1-icache
 Metrics		      Total	      Instrn	       Data	       Read	      Write	       Misc
 -----------------	      ------	      ------	      ------	      ------	      ------	      ------
 Demand Fetches		   399999990	   399999990	           0	           0	           0	           0
  Fraction of total	      1.0000	      1.0000	      0.0000	      0.0000	      0.0000	      0.0000

 Demand Misses		      131054	      131054	           0	           0	           0	           0
  Demand miss rate	      0.0003	      0.0003	      0.0000	      0.0000	      0.0000	      0.0000

 Multi-block refs                 0
 Bytes From Memory	     4193728
 ( / Demand Fetches)	      0.0105
 Bytes To Memory	           0
 ( / Demand Writes)	      0.0000
 Total Bytes r/w Mem	     4193728
 ( / Demand Fetches)	      0.0105

l1-dcache
 Metrics		      Total	      Instrn	       Data	       Read	      Write	       Misc
 -----------------	      ------	      ------	      ------	      ------	      ------	      ------
 Demand Fetches		   165517124	           0	   165517124	   132651764	    32865360	           0
  Fraction of total	      1.0000	      0.0000	      1.0000	      0.8014	      0.1986	      0.0000

 Demand Misses		     5996269	           0	     5996269	     4741543	     1254726	           0
  Demand miss rate	      0.0362	      0.0000	      0.0362	      0.0357	      0.0382	      0.0000

 Multi-block refs            750429
 Bytes From Memory	   191880608
 ( / Demand Fetches)	      1.1593
 Bytes To Memory	    74728576
 ( / Demand Writes)	      2.2738
 Total Bytes r/w Mem	   266609184
 ( / Demand Fetches)	      1.6108

---Execution complete.
