tracename eon_f2b
---Dinero IV cache simulator, version 7
---Written by Jan Edler and Mark D. Hill
---Copyright (C) 1997 NEC Research Institute, Inc. and Mark D. Hill.
---All rights reserved.
---Copyright (C) 1985, 1989 Mark D. Hill.  All rights reserved.
---See -copyright option for details

---Summary of options (-help option gives usage information).

-l1-isize 131072
-l1-dsize 32768
-l1-ibsize 32
-l1-dbsize 32
-l1-isbsize 32
-l1-dsbsize 32
-l1-iassoc 1
-l1-dassoc 1
-l1-irepl l
-l1-drepl l
-l1-ifetch d
-l1-dfetch d
-l1-dwalloc a
-l1-dwback a
-skipcount 0
-flushcount 0
-maxcount 0
-stat-interval 0
-informat s
-on-trigger 0x0
-off-trigger 0x0

---Simulation begins.
---Simulation complete.
l1-icache
 Metrics		      Total	      Instrn	       Data	       Read	      Write	       Misc
 -----------------	      ------	      ------	      ------	      ------	      ------	      ------
 Demand Fetches		   399999990	   399999990	           0	           0	           0	           0
  Fraction of total	      1.0000	      1.0000	      0.0000	      0.0000	      0.0000	      0.0000

 Demand Misses		     2769532	     2769532	           0	           0	           0	           0
  Demand miss rate	      0.0069	      0.0069	      0.0000	      0.0000	      0.0000	      0.0000

 Multi-block refs                 0
 Bytes From Memory	    88625024
 ( / Demand Fetches)	      0.2216
 Bytes To Memory	           0
 ( / Demand Writes)	      0.0000
 Total Bytes r/w Mem	    88625024
 ( / Demand Fetches)	      0.2216

l1-dcache
 Metrics		      Total	      Instrn	       Data	       Read	      Write	       Misc
 -----------------	      ------	      ------	      ------	      ------	      ------	      ------
 Demand Fetches		   193627266	           0	   193627266	   117522760	    76104506	           0
  Fraction of total	      1.0000	      0.0000	      1.0000	      0.6070	      0.3930	      0.0000

 Demand Misses		     2585706	           0	     2585706	     1922468	      663238	           0
  Demand miss rate	      0.0134	      0.0000	      0.0134	      0.0164	      0.0087	      0.0000

 Multi-block refs                 7
 Bytes From Memory	    82742592
 ( / Demand Fetches)	      0.4273
 Bytes To Memory	    30606816
 ( / Demand Writes)	      0.4022
 Total Bytes r/w Mem	   113349408
 ( / Demand Fetches)	      0.5854

---Execution complete.
