tracename gap_f2b
---Dinero IV cache simulator, version 7
---Written by Jan Edler and Mark D. Hill
---Copyright (C) 1997 NEC Research Institute, Inc. and Mark D. Hill.
---All rights reserved.
---Copyright (C) 1985, 1989 Mark D. Hill.  All rights reserved.
---See -copyright option for details

---Summary of options (-help option gives usage information).

-l1-isize 2097152
-l1-dsize 65536
-l1-ibsize 32
-l1-dbsize 32
-l1-isbsize 32
-l1-dsbsize 32
-l1-iassoc 1
-l1-dassoc 1
-l1-irepl l
-l1-drepl l
-l1-ifetch d
-l1-dfetch d
-l1-dwalloc a
-l1-dwback a
-skipcount 0
-flushcount 0
-maxcount 0
-stat-interval 0
-informat s
-on-trigger 0x0
-off-trigger 0x0

---Simulation begins.
---Simulation complete.
l1-icache
 Metrics		      Total	      Instrn	       Data	       Read	      Write	       Misc
 -----------------	      ------	      ------	      ------	      ------	      ------	      ------
 Demand Fetches		   399999872	   399999872	           0	           0	           0	           0
  Fraction of total	      1.0000	      1.0000	      0.0000	      0.0000	      0.0000	      0.0000

 Demand Misses		        3466	        3466	           0	           0	           0	           0
  Demand miss rate	      0.0000	      0.0000	      0.0000	      0.0000	      0.0000	      0.0000

 Multi-block refs                 0
 Bytes From Memory	      110912
 ( / Demand Fetches)	      0.0003
 Bytes To Memory	           0
 ( / Demand Writes)	      0.0000
 Total Bytes r/w Mem	      110912
 ( / Demand Fetches)	      0.0003

l1-dcache
 Metrics		      Total	      Instrn	       Data	       Read	      Write	       Misc
 -----------------	      ------	      ------	      ------	      ------	      ------	      ------
 Demand Fetches		   165991536	           0	   165991536	   114024123	    51967413	           0
  Fraction of total	      1.0000	      0.0000	      1.0000	      0.6869	      0.3131	      0.0000

 Demand Misses		     3468019	           0	     3468019	      502283	     2965736	           0
  Demand miss rate	      0.0209	      0.0000	      0.0209	      0.0044	      0.0571	      0.0000

 Multi-block refs           4823255
 Bytes From Memory	   110976608
 ( / Demand Fetches)	      0.6686
 Bytes To Memory	   106788224
 ( / Demand Writes)	      2.0549
 Total Bytes r/w Mem	   217764832
 ( / Demand Fetches)	      1.3119

---Execution complete.
