tracename equake_f2b
---Dinero IV cache simulator, version 7
---Written by Jan Edler and Mark D. Hill
---Copyright (C) 1997 NEC Research Institute, Inc. and Mark D. Hill.
---All rights reserved.
---Copyright (C) 1985, 1989 Mark D. Hill.  All rights reserved.
---See -copyright option for details

---Summary of options (-help option gives usage information).

-l1-isize 65536
-l1-dsize 131072
-l1-ibsize 32
-l1-dbsize 32
-l1-isbsize 32
-l1-dsbsize 32
-l1-iassoc 1
-l1-dassoc 1
-l1-irepl l
-l1-drepl l
-l1-ifetch d
-l1-dfetch d
-l1-dwalloc a
-l1-dwback a
-skipcount 0
-flushcount 0
-maxcount 0
-stat-interval 0
-informat s
-on-trigger 0x0
-off-trigger 0x0

---Simulation begins.
---Simulation complete.
l1-icache
 Metrics		      Total	      Instrn	       Data	       Read	      Write	       Misc
 -----------------	      ------	      ------	      ------	      ------	      ------	      ------
 Demand Fetches		   399999995	   399999995	           0	           0	           0	           0
  Fraction of total	      1.0000	      1.0000	      0.0000	      0.0000	      0.0000	      0.0000

 Demand Misses		      968871	      968871	           0	           0	           0	           0
  Demand miss rate	      0.0024	      0.0024	      0.0000	      0.0000	      0.0000	      0.0000

 Multi-block refs                 0
 Bytes From Memory	    31003872
 ( / Demand Fetches)	      0.0775
 Bytes To Memory	           0
 ( / Demand Writes)	      0.0000
 Total Bytes r/w Mem	    31003872
 ( / Demand Fetches)	      0.0775

l1-dcache
 Metrics		      Total	      Instrn	       Data	       Read	      Write	       Misc
 -----------------	      ------	      ------	      ------	      ------	      ------	      ------
 Demand Fetches		   146881019	           0	   146881019	   110474529	    36406490	           0
  Fraction of total	      1.0000	      0.0000	      1.0000	      0.7521	      0.2479	      0.0000

 Demand Misses		      307027	           0	      307027	       31657	      275370	           0
  Demand miss rate	      0.0021	      0.0000	      0.0021	      0.0003	      0.0076	      0.0000

 Multi-block refs                 0
 Bytes From Memory	     9824864
 ( / Demand Fetches)	      0.0669
 Bytes To Memory	     8979232
 ( / Demand Writes)	      0.2466
 Total Bytes r/w Mem	    18804096
 ( / Demand Fetches)	      0.1280

---Execution complete.
