tracename eon_f2b
---Dinero IV cache simulator, version 7
---Written by Jan Edler and Mark D. Hill
---Copyright (C) 1997 NEC Research Institute, Inc. and Mark D. Hill.
---All rights reserved.
---Copyright (C) 1985, 1989 Mark D. Hill.  All rights reserved.
---See -copyright option for details

---Summary of options (-help option gives usage information).

-l1-isize 65536
-l1-dsize 16384
-l1-ibsize 32
-l1-dbsize 32
-l1-isbsize 32
-l1-dsbsize 32
-l1-iassoc 1
-l1-dassoc 1
-l1-irepl l
-l1-drepl l
-l1-ifetch d
-l1-dfetch d
-l1-dwalloc a
-l1-dwback a
-skipcount 0
-flushcount 0
-maxcount 0
-stat-interval 0
-informat s
-on-trigger 0x0
-off-trigger 0x0

---Simulation begins.
---Simulation complete.
l1-icache
 Metrics		      Total	      Instrn	       Data	       Read	      Write	       Misc
 -----------------	      ------	      ------	      ------	      ------	      ------	      ------
 Demand Fetches		   399999990	   399999990	           0	           0	           0	           0
  Fraction of total	      1.0000	      1.0000	      0.0000	      0.0000	      0.0000	      0.0000

 Demand Misses		     4098309	     4098309	           0	           0	           0	           0
  Demand miss rate	      0.0102	      0.0102	      0.0000	      0.0000	      0.0000	      0.0000

 Multi-block refs                 0
 Bytes From Memory	   131145888
 ( / Demand Fetches)	      0.3279
 Bytes To Memory	           0
 ( / Demand Writes)	      0.0000
 Total Bytes r/w Mem	   131145888
 ( / Demand Fetches)	      0.3279

l1-dcache
 Metrics		      Total	      Instrn	       Data	       Read	      Write	       Misc
 -----------------	      ------	      ------	      ------	      ------	      ------	      ------
 Demand Fetches		   193627266	           0	   193627266	   117522760	    76104506	           0
  Fraction of total	      1.0000	      0.0000	      1.0000	      0.6070	      0.3930	      0.0000

 Demand Misses		     4475105	           0	     4475105	     3610749	      864356	           0
  Demand miss rate	      0.0231	      0.0000	      0.0231	      0.0307	      0.0114	      0.0000

 Multi-block refs                 7
 Bytes From Memory	   143203360
 ( / Demand Fetches)	      0.7396
 Bytes To Memory	    38439360
 ( / Demand Writes)	      0.5051
 Total Bytes r/w Mem	   181642720
 ( / Demand Fetches)	      0.9381

---Execution complete.
