tracename parser_f2b
---Dinero IV cache simulator, version 7
---Written by Jan Edler and Mark D. Hill
---Copyright (C) 1997 NEC Research Institute, Inc. and Mark D. Hill.
---All rights reserved.
---Copyright (C) 1985, 1989 Mark D. Hill.  All rights reserved.
---See -copyright option for details

---Summary of options (-help option gives usage information).

-l1-isize 65536
-l1-dsize 524288
-l1-ibsize 32
-l1-dbsize 32
-l1-isbsize 32
-l1-dsbsize 32
-l1-iassoc 1
-l1-dassoc 1
-l1-irepl l
-l1-drepl l
-l1-ifetch d
-l1-dfetch d
-l1-dwalloc a
-l1-dwback a
-skipcount 0
-flushcount 0
-maxcount 0
-stat-interval 0
-informat s
-on-trigger 0x0
-off-trigger 0x0

---Simulation begins.
---Simulation complete.
l1-icache
 Metrics		      Total	      Instrn	       Data	       Read	      Write	       Misc
 -----------------	      ------	      ------	      ------	      ------	      ------	      ------
 Demand Fetches		   399999990	   399999990	           0	           0	           0	           0
  Fraction of total	      1.0000	      1.0000	      0.0000	      0.0000	      0.0000	      0.0000

 Demand Misses		       21888	       21888	           0	           0	           0	           0
  Demand miss rate	      0.0001	      0.0001	      0.0000	      0.0000	      0.0000	      0.0000

 Multi-block refs                 0
 Bytes From Memory	      700416
 ( / Demand Fetches)	      0.0018
 Bytes To Memory	           0
 ( / Demand Writes)	      0.0000
 Total Bytes r/w Mem	      700416
 ( / Demand Fetches)	      0.0018

l1-dcache
 Metrics		      Total	      Instrn	       Data	       Read	      Write	       Misc
 -----------------	      ------	      ------	      ------	      ------	      ------	      ------
 Demand Fetches		   165517124	           0	   165517124	   132651764	    32865360	           0
  Fraction of total	      1.0000	      0.0000	      1.0000	      0.8014	      0.1986	      0.0000

 Demand Misses		     1029401	           0	     1029401	      686070	      343331	           0
  Demand miss rate	      0.0062	      0.0000	      0.0062	      0.0052	      0.0104	      0.0000

 Multi-block refs            750429
 Bytes From Memory	    32940832
 ( / Demand Fetches)	      0.1990
 Bytes To Memory	    19924032
 ( / Demand Writes)	      0.6062
 Total Bytes r/w Mem	    52864864
 ( / Demand Fetches)	      0.3194

---Execution complete.
